[30-Dec-2024 13:01:01 UTC] Attempting database connection with:
[30-Dec-2024 13:01:01 UTC] Host: sql7.freemysqlhosting.net
[30-Dec-2024 13:01:01 UTC] Database: sql7754447
[30-Dec-2024 13:01:01 UTC] Username: sql7754447
[30-Dec-2024 13:01:26 UTC] Attempting database connection with:
[30-Dec-2024 13:01:26 UTC] Host: sql7.freemysqlhosting.net
[30-Dec-2024 13:01:26 UTC] Database: sql7754447
[30-Dec-2024 13:01:26 UTC] Username: sql7754447
[30-Dec-2024 13:01:46 UTC] Attempting database connection with:
[30-Dec-2024 13:01:46 UTC] Host: sql7.freemysqlhosting.net
[30-Dec-2024 13:01:46 UTC] Database: sql7754447
[30-Dec-2024 13:01:46 UTC] Username: sql7754447
[30-Dec-2024 13:02:03 UTC] Attempting database connection with:
[30-Dec-2024 13:02:03 UTC] Host: sql7.freemysqlhosting.net
[30-Dec-2024 13:02:03 UTC] Database: sql7754447
[30-Dec-2024 13:02:03 UTC] Username: sql7754447
[30-Dec-2024 13:02:17 UTC] Attempting database connection with:
[30-Dec-2024 13:02:17 UTC] Host: sql7.freemysqlhosting.net
[30-Dec-2024 13:02:17 UTC] Database: sql7754447
[30-Dec-2024 13:02:17 UTC] Username: sql7754447
[30-Dec-2024 13:02:29 UTC] Attempting database connection with:
[30-Dec-2024 13:02:29 UTC] Host: sql7.freemysqlhosting.net
[30-Dec-2024 13:02:29 UTC] Database: sql7754447
[30-Dec-2024 13:02:29 UTC] Username: sql7754447
[30-Dec-2024 13:02:46 UTC] Attempting database connection with:
[30-Dec-2024 13:02:46 UTC] Host: sql7.freemysqlhosting.net
[30-Dec-2024 13:02:46 UTC] Database: sql7754447
[30-Dec-2024 13:02:46 UTC] Username: sql7754447
[30-Dec-2024 13:46:02 UTC] Attempting database connection with:
[30-Dec-2024 13:46:02 UTC] Host: sql7.freemysqlhosting.net
[30-Dec-2024 13:46:02 UTC] Database: sql7754447
[30-Dec-2024 13:46:02 UTC] Username: sql7754447
[30-Dec-2024 13:46:08 UTC] Login attempt for username: yassine
[30-Dec-2024 13:46:08 UTC] Attempting database connection with:
[30-Dec-2024 13:46:08 UTC] Host: sql7.freemysqlhosting.net
[30-Dec-2024 13:46:08 UTC] Database: sql7754447
[30-Dec-2024 13:46:08 UTC] Username: sql7754447
[30-Dec-2024 13:46:08 UTC] Login successful. Session data: Array
(
    [csrf_token] => 38b915139e19fda872658a68686503eceee82db1def5885db1c139e6c80529fd
    [user_id] => 1
    [username] => yassine
    [user_role] => admin
)

[30-Dec-2024 13:46:08 UTC] Session data in middleware: Array
(
    [csrf_token] => 38b915139e19fda872658a68686503eceee82db1def5885db1c139e6c80529fd
    [user_id] => 1
    [username] => yassine
    [user_role] => admin
)

[30-Dec-2024 13:46:08 UTC] Attempting database connection with:
[30-Dec-2024 13:46:08 UTC] Host: sql7.freemysqlhosting.net
[30-Dec-2024 13:46:08 UTC] Database: sql7754447
[30-Dec-2024 13:46:08 UTC] Username: sql7754447
[30-Dec-2024 13:46:10 UTC] getByUser Query: SELECT a.*, c.name as category 
                    FROM articles a 
                    LEFT JOIN categories c ON a.category_id = c.id 
                    WHERE a.user_id = ?
                    ORDER BY a.created_at DESC LIMIT ?
[30-Dec-2024 13:46:10 UTC] getByUser Results count: 5
[30-Dec-2024 13:46:14 UTC] Session data in middleware: Array
(
    [csrf_token] => 38b915139e19fda872658a68686503eceee82db1def5885db1c139e6c80529fd
    [user_id] => 1
    [username] => yassine
    [user_role] => admin
)

[30-Dec-2024 13:46:14 UTC] Attempting database connection with:
[30-Dec-2024 13:46:14 UTC] Host: sql7.freemysqlhosting.net
[30-Dec-2024 13:46:14 UTC] Database: sql7754447
[30-Dec-2024 13:46:14 UTC] Username: sql7754447
[30-Dec-2024 13:46:14 UTC] Current Page: new
[30-Dec-2024 13:46:15 UTC] Session data in middleware: Array
(
    [csrf_token] => 38b915139e19fda872658a68686503eceee82db1def5885db1c139e6c80529fd
    [user_id] => 1
    [username] => yassine
    [user_role] => admin
)

[30-Dec-2024 13:46:15 UTC] Attempting database connection with:
[30-Dec-2024 13:46:15 UTC] Host: sql7.freemysqlhosting.net
[30-Dec-2024 13:46:15 UTC] Database: sql7754447
[30-Dec-2024 13:46:15 UTC] Username: sql7754447
[30-Dec-2024 13:46:15 UTC] Current Page: new
[30-Dec-2024 13:46:19 UTC] Attempting database connection with:
[30-Dec-2024 13:46:19 UTC] Host: sql7.freemysqlhosting.net
[30-Dec-2024 13:46:19 UTC] Database: sql7754447
[30-Dec-2024 13:46:19 UTC] Username: sql7754447
[30-Dec-2024 13:46:19 UTC] Review Articles Count: 0
[30-Dec-2024 13:50:46 UTC] Session data in middleware: Array
(
    [csrf_token] => 38b915139e19fda872658a68686503eceee82db1def5885db1c139e6c80529fd
    [user_id] => 1
    [username] => yassine
    [user_role] => admin
)

[30-Dec-2024 13:50:46 UTC] Attempting database connection with:
[30-Dec-2024 13:50:46 UTC] Host: sql7.freemysqlhosting.net
[30-Dec-2024 13:50:46 UTC] Database: sql7754447
[30-Dec-2024 13:50:46 UTC] Username: sql7754447
[30-Dec-2024 13:50:47 UTC] getByUser Query: SELECT a.*, c.name as category 
                    FROM articles a 
                    LEFT JOIN categories c ON a.category_id = c.id 
                    WHERE a.user_id = ?
                    ORDER BY a.created_at DESC LIMIT ?
[30-Dec-2024 13:50:47 UTC] getByUser Results count: 5
[30-Dec-2024 13:50:56 UTC] Session data in middleware: Array
(
    [csrf_token] => 38b915139e19fda872658a68686503eceee82db1def5885db1c139e6c80529fd
    [user_id] => 1
    [username] => yassine
    [user_role] => admin
)

[30-Dec-2024 13:50:56 UTC] Attempting database connection with:
[30-Dec-2024 13:50:56 UTC] Host: sql7.freemysqlhosting.net
[30-Dec-2024 13:50:56 UTC] Database: sql7754447
[30-Dec-2024 13:50:56 UTC] Username: sql7754447
[30-Dec-2024 13:50:57 UTC] getByUser Query: SELECT a.*, c.name as category 
                    FROM articles a 
                    LEFT JOIN categories c ON a.category_id = c.id 
                    WHERE a.user_id = ?
                    ORDER BY a.created_at DESC
[30-Dec-2024 13:50:57 UTC] getByUser Results count: 6
[30-Dec-2024 13:51:04 UTC] Session data in middleware: Array
(
    [csrf_token] => 38b915139e19fda872658a68686503eceee82db1def5885db1c139e6c80529fd
    [user_id] => 1
    [username] => yassine
    [user_role] => admin
)

[30-Dec-2024 13:51:04 UTC] Attempting database connection with:
[30-Dec-2024 13:51:04 UTC] Host: sql7.freemysqlhosting.net
[30-Dec-2024 13:51:04 UTC] Database: sql7754447
[30-Dec-2024 13:51:04 UTC] Username: sql7754447
[30-Dec-2024 13:51:05 UTC] Session data in middleware: Array
(
    [csrf_token] => 38b915139e19fda872658a68686503eceee82db1def5885db1c139e6c80529fd
    [user_id] => 1
    [username] => yassine
    [user_role] => admin
)

[30-Dec-2024 13:51:05 UTC] Attempting database connection with:
[30-Dec-2024 13:51:05 UTC] Host: sql7.freemysqlhosting.net
[30-Dec-2024 13:51:05 UTC] Database: sql7754447
[30-Dec-2024 13:51:05 UTC] Username: sql7754447
[30-Dec-2024 13:51:05 UTC] getByUser Query: SELECT a.*, c.name as category 
                    FROM articles a 
                    LEFT JOIN categories c ON a.category_id = c.id 
                    WHERE a.user_id = ?
                    ORDER BY a.created_at DESC
[30-Dec-2024 13:51:05 UTC] getByUser Results count: 6
[30-Dec-2024 13:51:26 UTC] Attempting database connection with:
[30-Dec-2024 13:51:26 UTC] Host: sql7.freemysqlhosting.net
[30-Dec-2024 13:51:26 UTC] Database: sql7754447
[30-Dec-2024 13:51:26 UTC] Username: sql7754447
[30-Dec-2024 13:51:26 UTC] Review Articles Count: 1
[30-Dec-2024 13:51:33 UTC] Attempting database connection with:
[30-Dec-2024 13:51:33 UTC] Host: sql7.freemysqlhosting.net
[30-Dec-2024 13:51:33 UTC] Database: sql7754447
[30-Dec-2024 13:51:33 UTC] Username: sql7754447
[30-Dec-2024 14:14:23 UTC] Attempting database connection with:
[30-Dec-2024 14:14:23 UTC] Host: sql7.freemysqlhosting.net
[30-Dec-2024 14:14:23 UTC] Database: sql7754447
[30-Dec-2024 14:14:23 UTC] Username: sql7754447
[30-Dec-2024 14:14:49 UTC] Attempting database connection with:
[30-Dec-2024 14:14:49 UTC] Host: sql7.freemysqlhosting.net
[30-Dec-2024 14:14:49 UTC] Database: sql7754447
[30-Dec-2024 14:14:49 UTC] Username: sql7754447
